<?xml version="1.0" encoding="UTF-8"?>
<!-- Generated by org.testng.reporters.JUnitReportReporter -->
<testsuite hostname="DESKTOP-L5NOO0Q" failures="0" tests="1" name="Adactin.TestCases" time="1.295" errors="0" timestamp="2024-06-04T11:17:17 IST" skipped="0">
  <testcase classname="Adactin.TestCases" name="LoginTest" time="1.295"/>
</testsuite> <!-- Adactin.TestCases -->
