<?xml version="1.0" encoding="UTF-8"?>
<!-- Generated by org.testng.reporters.JUnitReportReporter -->
<testsuite hostname="DESKTOP-L5NOO0Q" failures="0" tests="4" name="New_TestNg.Log_lis" time="57.482" errors="0" timestamp="2024-05-28T11:45:57 IST" skipped="0">
  <testcase classname="New_TestNg.Log_lis" name="openingurl" time="44.607"/>
  <testcase classname="New_TestNg.Log_lis" name="selectlogin" time="4.632"/>
  <testcase classname="New_TestNg.Log_lis" name="enterlogindetails" time="0.532"/>
  <testcase classname="New_TestNg.Log_lis" name="signinbutton" time="7.711"/>
</testsuite> <!-- New_TestNg.Log_lis -->
