<?xml version="1.0" encoding="UTF-8"?>
<!-- Generated by org.testng.reporters.JUnitReportReporter -->
<testsuite hostname="DESKTOP-L5NOO0Q" failures="0" tests="1" name="Magneto.Magneto_Test" time="4.988" errors="0" timestamp="2024-06-04T11:05:17 IST" skipped="0">
  <testcase classname="Magneto.Magneto_Test" name="LoginTest" time="4.988"/>
</testsuite> <!-- Magneto.Magneto_Test -->
