<?xml version="1.0" encoding="UTF-8"?>
<!-- Generated by org.testng.reporters.JUnitReportReporter -->
<testsuite hostname="DESKTOP-L5NOO0Q" failures="0" tests="3" name="New_TestNg.Reg_listner" time="19.736" errors="0" timestamp="2024-05-28T11:45:57 IST" skipped="0">
  <testcase classname="New_TestNg.Reg_listner" name="openapp" time="18.429"/>
  <testcase classname="New_TestNg.Reg_listner" name="PersonalInformation" time="1.096"/>
  <testcase classname="New_TestNg.Reg_listner" name="createAnAccount" time="0.211"/>
</testsuite> <!-- New_TestNg.Reg_listner -->
