<?xml version="1.0" encoding="UTF-8"?>
<!-- Generated by org.testng.reporters.JUnitReportReporter -->
<testsuite hostname="DESKTOP-L5NOO0Q" failures="0" tests="1" name="hybrid_frameworks.Test_Cyclos" time="7.911" errors="0" timestamp="2024-05-31T10:39:11 IST" skipped="0">
  <testcase classname="hybrid_frameworks.Test_Cyclos" name="Regtest" time="7.911"/>
</testsuite> <!-- hybrid_frameworks.Test_Cyclos -->
