<?xml version="1.0" encoding="UTF-8"?>
<!-- Generated by org.testng.reporters.JUnitReportReporter -->
<testsuite hostname="DESKTOP-L5NOO0Q" failures="0" tests="1" name="New_TestNg.Test_2" time="6.834" errors="0" timestamp="2024-05-28T11:59:35 IST" skipped="0">
  <testcase classname="New_TestNg.Test_2" name="registrationTest" time="6.834"/>
</testsuite> <!-- New_TestNg.Test_2 -->
