<?xml version="1.0" encoding="UTF-8"?>
<!-- Generated by org.testng.reporters.JUnitReportReporter -->
<testsuite hostname="DESKTOP-L5NOO0Q" failures="0" tests="1" name="Parabank.Reg" time="5.028" errors="0" timestamp="2024-05-31T10:36:54 IST" skipped="0">
  <testcase classname="Parabank.Reg" name="test" time="5.028"/>
</testsuite> <!-- Parabank.Reg -->
