<?xml version="1.0" encoding="UTF-8"?>
<!-- Generated by org.testng.reporters.JUnitReportReporter -->
<testsuite hostname="LAPTOP-2U3258KH" failures="0" tests="1" name="cyclos_testcase.LoginClass" time="4.017" errors="0" timestamp="2024-06-11T03:53:18 IST" skipped="0">
  <testcase classname="cyclos_testcase.LoginClass" name="loginstep" time="4.017"/>
</testsuite> <!-- cyclos_testcase.LoginClass -->
