<?xml version="1.0" encoding="UTF-8"?>
<!-- Generated by org.testng.reporters.JUnitReportReporter -->
<testsuite hostname="DESKTOP-L5NOO0Q" failures="0" tests="3" name="New_TestNg.Parameterization" time="32.839" errors="0" timestamp="2024-05-27T09:29:30 IST" skipped="0">
  <testcase classname="New_TestNg.Parameterization" name="openApplication" time="28.262"/>
  <testcase classname="New_TestNg.Parameterization" name="createAccount" time="4.499"/>
  <testcase classname="New_TestNg.Parameterization" name="Verification" time="0.078"/>
</testsuite> <!-- New_TestNg.Parameterization -->
