<?xml version="1.0" encoding="UTF-8"?>
<!-- Generated by org.testng.reporters.JUnitReportReporter -->
<testsuite hostname="DESKTOP-L5NOO0Q" failures="0" tests="1" name="New_TestNg.Test_1" time="9.467" errors="0" timestamp="2024-05-28T11:59:35 IST" skipped="0">
  <testcase classname="New_TestNg.Test_1" name="LoginTest" time="9.467"/>
</testsuite> <!-- New_TestNg.Test_1 -->
