<?xml version="1.0" encoding="UTF-8"?>
<!-- Generated by org.testng.reporters.JUnitReportReporter -->
<testsuite hostname="DESKTOP-L5NOO0Q" failures="0" tests="1" name="New_TestNg.Adactin_Annotation" time="0.816" errors="0" timestamp="2024-05-21T16:22:29 IST" skipped="0">
  <testcase classname="New_TestNg.Adactin_Annotation" name="confirmpassword" time="0.816"/>
</testsuite> <!-- New_TestNg.Adactin_Annotation -->
