<?xml version="1.0" encoding="UTF-8"?>
<!-- Generated by org.testng.reporters.JUnitReportReporter -->
<testsuite hostname="DESKTOP-L5NOO0Q" failures="0" tests="4" name="New_TestNg.Login" time="26.925" errors="0" timestamp="2024-05-28T11:59:35 IST" skipped="0">
  <testcase classname="New_TestNg.Login" name="openingurl" time="18.770"/>
  <testcase classname="New_TestNg.Login" name="selectlogin" time="4.515"/>
  <testcase classname="New_TestNg.Login" name="enterlogindetails" time="0.343"/>
  <testcase classname="New_TestNg.Login" name="signinbutton" time="3.297"/>
</testsuite> <!-- New_TestNg.Login -->
